created Logger
gfxInitDefault()
initializing Console
getting font string
Creating Graphics object
Creating Input object
Initializing global api
initialized console
Loading cart
Calling Cart Constructor
getting file contents
Got file contents... parsing cart
Copying data to spritesheet
Copying data to sprite flags
Copying data to sprite flags
Cart Loaded
Starting main loop
block name: startup ms: 1421366.960333
block name: PreUpdate ms: 37.163198
block name: ClearFb ms: 32.936783
block name: SetInputState ms: 32.302137
block name: CallLuaUpdate ms: 34.692103
block name: CallLuaDraw ms: 73.133625
block name: GetFb ms: 32.115984
block name: GraphicsFlip ms: 32.924385
block name: gfxFlushBuffers ms: 32.455379
block name: gfxSwapBuffers ms: 41.835703
block name: gspWaitForVBlank ms: 43.613648
block name: PostFlip ms: 31.654266
block name: PreUpdate ms: 46.517167
block name: ClearFb ms: 32.715636
block name: SetInputState ms: 31.996452
block name: CallLuaUpdate ms: 32.223692
block name: CallLuaDraw ms: 72.308947
block name: GetFb ms: 32.104876
block name: GraphicsFlip ms: 35.975209
block name: gfxFlushBuffers ms: 32.867379
block name: gfxSwapBuffers ms: 32.183120
block name: gspWaitForVBlank ms: 37.336447
block name: PostFlip ms: 33.164151
block name: PreUpdate ms: 37.158842
block name: ClearFb ms: 32.881828
block name: SetInputState ms: 41.199372
block name: CallLuaUpdate ms: 32.177406
block name: CallLuaDraw ms: 73.145919
block name: GetFb ms: 31.894860
block name: GraphicsFlip ms: 42.993078
block name: gfxFlushBuffers ms: 32.082901
block name: gfxSwapBuffers ms: 34.960177
block name: gspWaitForVBlank ms: 42.885452
block name: PostFlip ms: 31.888124
block name: PreUpdate ms: 37.100940
block name: ClearFb ms: 32.700971
block name: SetInputState ms: 32.317153
block name: CallLuaUpdate ms: 32.857674
block name: CallLuaDraw ms: 74.994498
block name: GetFb ms: 31.732122
block name: GraphicsFlip ms: 33.246310
block name: gfxFlushBuffers ms: 31.915657
block name: gfxSwapBuffers ms: 38.374036
block name: gspWaitForVBlank ms: 40.700848
block name: PostFlip ms: 35.036131
block name: PreUpdate ms: 47.190103
block name: ClearFb ms: 32.923975
block name: SetInputState ms: 31.679375
block name: CallLuaUpdate ms: 32.366722
block name: CallLuaDraw ms: 73.238596
block name: GetFb ms: 31.796923
block name: GraphicsFlip ms: 33.006120
block name: gfxFlushBuffers ms: 31.957990
block name: gfxSwapBuffers ms: 31.825068
block name: gspWaitForVBlank ms: 36.804683
block name: PostFlip ms: 31.953007
block name: PreUpdate ms: 37.171829
block name: ClearFb ms: 32.187693
block name: SetInputState ms: 34.563485
block name: CallLuaUpdate ms: 38.720130
block name: CallLuaDraw ms: 74.274254
block name: GetFb ms: 31.830879
block name: GraphicsFlip ms: 42.822217
block name: gfxFlushBuffers ms: 32.218478
block name: gfxSwapBuffers ms: 33.031818
block name: gspWaitForVBlank ms: 45.781079
block name: PostFlip ms: 31.966352
block name: PreUpdate ms: 36.642557
block name: ClearFb ms: 32.623369
block name: SetInputState ms: 31.523723
block name: CallLuaUpdate ms: 31.983733
block name: CallLuaDraw ms: 76.178713
block name: GetFb ms: 32.518032
block name: GraphicsFlip ms: 32.700083
block name: gfxFlushBuffers ms: 32.179867
block name: gfxSwapBuffers ms: 38.130958
block name: gspWaitForVBlank ms: 41.392962
block name: PostFlip ms: 31.793954
block name: PreUpdate ms: 36.815649
block name: ClearFb ms: 43.748621
block name: SetInputState ms: 31.696017
block name: CallLuaUpdate ms: 32.059067
block name: CallLuaDraw ms: 73.580871
block name: GetFb ms: 31.970970
block name: GraphicsFlip ms: 33.283526
block name: gfxFlushBuffers ms: 35.650926
block name: gfxSwapBuffers ms: 31.909354
block name: gspWaitForVBlank ms: 35.342048
block name: PostFlip ms: 31.867185
block name: PreUpdate ms: 37.030746
block name: ClearFb ms: 32.404177
block name: SetInputState ms: 31.842247
block name: CallLuaUpdate ms: 38.535401
block name: CallLuaDraw ms: 73.793663
block name: GetFb ms: 31.690684
block name: GraphicsFlip ms: 32.953366
block name: gfxFlushBuffers ms: 42.323843
block name: gfxSwapBuffers ms: 32.522948
block name: gspWaitForVBlank ms: 49.592906
block name: PostFlip ms: 31.546468
block name: PreUpdate ms: 36.645750
block name: ClearFb ms: 32.444391
block name: SetInputState ms: 31.548139
block name: CallLuaUpdate ms: 32.328298
block name: CallLuaDraw ms: 73.576940
block name: GetFb ms: 31.851497
block name: GraphicsFlip ms: 33.344456
block name: gfxFlushBuffers ms: 32.552167
block name: gfxSwapBuffers ms: 38.402330
block name: gspWaitForVBlank ms: 43.599534
block name: PostFlip ms: 31.586451
block name: PreUpdate ms: 39.938249
block name: ClearFb ms: 33.013176
block name: SetInputState ms: 42.378394
block name: CallLuaUpdate ms: 31.818921
block name: CallLuaDraw ms: 73.493803
block name: GetFb ms: 32.190497
block name: GraphicsFlip ms: 34.934755
block name: gfxFlushBuffers ms: 32.518114
block name: gfxSwapBuffers ms: 32.658071
block name: gspWaitForVBlank ms: 33.341368
block name: PostFlip ms: 31.799385
block name: PreUpdate ms: 36.485787
block name: ClearFb ms: 32.844926
block name: SetInputState ms: 32.618289
block name: CallLuaUpdate ms: 42.006967
block name: CallLuaDraw ms: 73.813267
block name: GetFb ms: 32.065609
block name: GraphicsFlip ms: 33.125905
block name: gfxFlushBuffers ms: 32.210004
block name: gfxSwapBuffers ms: 42.597363
block name: gspWaitForVBlank ms: 44.961779
block name: PostFlip ms: 31.905803
block name: PreUpdate ms: 36.493470
block name: ClearFb ms: 33.087056
block name: SetInputState ms: 31.764287
block name: CallLuaUpdate ms: 32.785242
block name: CallLuaDraw ms: 73.668022
block name: GetFb ms: 32.105809
block name: GraphicsFlip ms: 33.663293
block name: gfxFlushBuffers ms: 32.591338
block name: gfxSwapBuffers ms: 32.260543
block name: gspWaitForVBlank ms: 47.504650
block name: PostFlip ms: 33.015519
block name: PreUpdate ms: 37.395258
block name: ClearFb ms: 32.762475
block name: SetInputState ms: 31.714293
block name: CallLuaUpdate ms: 42.047876
block name: CallLuaDraw ms: 73.968650
block name: GetFb ms: 31.798482
block name: GraphicsFlip ms: 33.018547
block name: gfxFlushBuffers ms: 32.037203
block name: gfxSwapBuffers ms: 34.561426
block name: gspWaitForVBlank ms: 35.529835
block name: PostFlip ms: 32.468822
block name: PreUpdate ms: 36.796851
block name: ClearFb ms: 32.299489
block name: SetInputState ms: 31.777289
block name: CallLuaUpdate ms: 38.631548
block name: CallLuaDraw ms: 73.243826
block name: GetFb ms: 31.630410
block name: GraphicsFlip ms: 33.361650
block name: gfxFlushBuffers ms: 32.103392
block name: gfxSwapBuffers ms: 31.857920
block name: gspWaitForVBlank ms: 43.668050
block name: PostFlip ms: 34.513215
block name: PreUpdate ms: 36.505144
block name: ClearFb ms: 32.225013
block name: SetInputState ms: 31.518420
block name: CallLuaUpdate ms: 32.021344
block name: CallLuaDraw ms: 73.914881
block name: GetFb ms: 33.186074
block name: GraphicsFlip ms: 33.430696
block name: gfxFlushBuffers ms: 33.518682
block name: gfxSwapBuffers ms: 32.218508
block name: gspWaitForVBlank ms: 44.791999
block name: PostFlip ms: 32.700314
block name: PreUpdate ms: 38.518632
block name: ClearFb ms: 35.294172
block name: SetInputState ms: 32.535174
block name: CallLuaUpdate ms: 32.789598
block name: CallLuaDraw ms: 83.460666
block name: GetFb ms: 31.827321
block name: GraphicsFlip ms: 33.314767
block name: gfxFlushBuffers ms: 32.610561
block name: gfxSwapBuffers ms: 31.772023
block name: gspWaitForVBlank ms: 33.057255
block name: PostFlip ms: 31.523015
block name: PreUpdate ms: 36.517863
block name: ClearFb ms: 32.716084
block name: SetInputState ms: 32.138512
block name: CallLuaUpdate ms: 38.877333
block name: CallLuaDraw ms: 76.030304
block name: GetFb ms: 31.647366
block name: GraphicsFlip ms: 32.802712
block name: gfxFlushBuffers ms: 32.332296
block name: gfxSwapBuffers ms: 31.778087
block name: gspWaitForVBlank ms: 41.432953
block name: PostFlip ms: 41.948656
block name: PreUpdate ms: 37.354133
block name: ClearFb ms: 32.363552
block name: SetInputState ms: 32.015175
block name: CallLuaUpdate ms: 32.206640
block name: CallLuaDraw ms: 73.196136
block name: GetFb ms: 32.931009
block name: GraphicsFlip ms: 36.727059
block name: gfxFlushBuffers ms: 31.993207
block name: gfxSwapBuffers ms: 31.603086
block name: gspWaitForVBlank ms: 52.219048
block name: PostFlip ms: 31.978511
block name: PreUpdate ms: 36.801737
block name: ClearFb ms: 32.517010
block name: SetInputState ms: 31.528289
block name: CallLuaUpdate ms: 32.269636
block name: CallLuaDraw ms: 49.437187
block name: GetFb ms: 42.617623
block name: GraphicsFlip ms: 33.279856
block name: gfxFlushBuffers ms: 32.572420
block name: gfxSwapBuffers ms: 32.600543
block name: gspWaitForVBlank ms: 45.537927
block name: PostFlip ms: 32.067743
block name: PreUpdate ms: 37.239084
block name: ClearFb ms: 32.445040
block name: SetInputState ms: 31.706103
block name: CallLuaUpdate ms: 32.439319
block name: CallLuaDraw ms: 56.357866
block name: GetFb ms: 31.884312
block name: GraphicsFlip ms: 32.874592
block name: gfxFlushBuffers ms: 32.154468
block name: gfxSwapBuffers ms: 31.556784
block name: gspWaitForVBlank ms: 33.712750
block name: PostFlip ms: 31.842747
block name: PreUpdate ms: 49.355468
block name: ClearFb ms: 32.505015
block name: SetInputState ms: 32.008633
block name: CallLuaUpdate ms: 32.291231
block name: CallLuaDraw ms: 49.817021
block name: GetFb ms: 31.600363
block name: GraphicsFlip ms: 32.784444
block name: gfxFlushBuffers ms: 32.936917
block name: gfxSwapBuffers ms: 32.052398
block name: gspWaitForVBlank ms: 43.901468
block name: PostFlip ms: 31.643218
block name: PreUpdate ms: 36.297574
block name: ClearFb ms: 32.305002
block name: SetInputState ms: 31.544871
block name: CallLuaUpdate ms: 36.452040
block name: CallLuaDraw ms: 49.786034
block name: GetFb ms: 32.264810
block name: GraphicsFlip ms: 43.500575
block name: gfxFlushBuffers ms: 32.127509
block name: gfxSwapBuffers ms: 32.424937
block name: gspWaitForVBlank ms: 42.778608
block name: PostFlip ms: 31.747727
block name: PreUpdate ms: 37.572333
block name: ClearFb ms: 32.468695
block name: SetInputState ms: 33.301832
block name: CallLuaUpdate ms: 32.614037
block name: CallLuaDraw ms: 56.832250
block name: GetFb ms: 34.463310
block name: GraphicsFlip ms: 32.926548
block name: gfxFlushBuffers ms: 32.107696
block name: gfxSwapBuffers ms: 31.939975
block name: gspWaitForVBlank ms: 45.200075
block name: PostFlip ms: 32.261005
block name: PreUpdate ms: 36.729648
block name: ClearFb ms: 42.665640
block name: SetInputState ms: 31.787084
block name: CallLuaUpdate ms: 32.018099
block name: CallLuaDraw ms: 49.890886
block name: GetFb ms: 32.278267
block name: GraphicsFlip ms: 34.102326
block name: gfxFlushBuffers ms: 32.827082
block name: gfxSwapBuffers ms: 32.537651
block name: gspWaitForVBlank ms: 43.987932
block name: PostFlip ms: 32.056456
block name: PreUpdate ms: 36.935002
block name: ClearFb ms: 32.717367
block name: SetInputState ms: 31.698173
block name: CallLuaUpdate ms: 32.169954
block name: CallLuaDraw ms: 49.678512
block name: GetFb ms: 32.076918
block name: GraphicsFlip ms: 33.792187
block name: gfxFlushBuffers ms: 41.754498
block name: gfxSwapBuffers ms: 31.877195
block name: gspWaitForVBlank ms: 46.361918
block name: PostFlip ms: 34.900195
block name: PreUpdate ms: 36.984355
block name: ClearFb ms: 33.749399
block name: SetInputState ms: 32.004493
block name: CallLuaUpdate ms: 33.422647
block name: CallLuaDraw ms: 57.167036
block name: GetFb ms: 31.477444
block name: GraphicsFlip ms: 32.878322
block name: gfxFlushBuffers ms: 31.880470
block name: gfxSwapBuffers ms: 31.948792
block name: gspWaitForVBlank ms: 44.720850
block name: PostFlip ms: 32.258476
block name: PreUpdate ms: 36.823191
block name: ClearFb ms: 35.354841
block name: SetInputState ms: 41.746636
block name: CallLuaUpdate ms: 32.407064
block name: CallLuaDraw ms: 50.636269
block name: GetFb ms: 32.211556
block name: GraphicsFlip ms: 33.238224
block name: gfxFlushBuffers ms: 32.193660
block name: gfxSwapBuffers ms: 31.625711
block name: gspWaitForVBlank ms: 42.631528
block name: PostFlip ms: 38.217400
block name: PreUpdate ms: 37.214363
block name: ClearFb ms: 32.338227
block name: SetInputState ms: 32.040821
block name: CallLuaUpdate ms: 32.064162
block name: CallLuaDraw ms: 54.005087
block name: GetFb ms: 31.451433
block name: GraphicsFlip ms: 33.161301
block name: gfxFlushBuffers ms: 31.851303
block name: gfxSwapBuffers ms: 42.004058
block name: gspWaitForVBlank ms: 36.784602
block name: PostFlip ms: 31.712510
block name: PreUpdate ms: 37.109400
block name: ClearFb ms: 32.491252
block name: SetInputState ms: 31.853504
block name: CallLuaUpdate ms: 32.634775
block name: CallLuaDraw ms: 57.570024
block name: GetFb ms: 31.852541
block name: GraphicsFlip ms: 36.567081
block name: gfxFlushBuffers ms: 33.341151
block name: gfxSwapBuffers ms: 32.209728
block name: gspWaitForVBlank ms: 43.803471
block name: PostFlip ms: 31.605659
block name: PreUpdate ms: 36.233385
block name: ClearFb ms: 32.225707
block name: SetInputState ms: 31.834243
block name: CallLuaUpdate ms: 42.337344
block name: CallLuaDraw ms: 50.385396
block name: GetFb ms: 31.741461
block name: GraphicsFlip ms: 32.787211
block name: gfxFlushBuffers ms: 32.588615
block name: gfxSwapBuffers ms: 34.805675
block name: gspWaitForVBlank ms: 44.555352
block name: PostFlip ms: 39.158895
block name: PreUpdate ms: 37.363689
block name: ClearFb ms: 32.871922
block name: SetInputState ms: 31.767592
block name: CallLuaUpdate ms: 32.456013
block name: CallLuaDraw ms: 49.980371
block name: GetFb ms: 31.990081
block name: GraphicsFlip ms: 32.854392
block name: gfxFlushBuffers ms: 32.262646
block name: gfxSwapBuffers ms: 31.993632
block name: gspWaitForVBlank ms: 48.447884
block name: PostFlip ms: 32.300146
block name: PreUpdate ms: 39.754154
block name: ClearFb ms: 32.845881
block name: SetInputState ms: 33.731608
block name: CallLuaUpdate ms: 32.373615
block name: CallLuaDraw ms: 57.167491
block name: GetFb ms: 31.434671
block name: GraphicsFlip ms: 32.813536
block name: gfxFlushBuffers ms: 32.090599
block name: gfxSwapBuffers ms: 32.516093
block name: gspWaitForVBlank ms: 44.095029
block name: PostFlip ms: 31.430031
block name: PreUpdate ms: 36.777434
block name: ClearFb ms: 32.879516
block name: SetInputState ms: 34.959073
block name: CallLuaUpdate ms: 32.851990
block name: CallLuaDraw ms: 60.474327
block name: GetFb ms: 31.563848
block name: GraphicsFlip ms: 33.090017
block name: gfxFlushBuffers ms: 32.534108
block name: gfxSwapBuffers ms: 31.727788
block name: gspWaitForVBlank ms: 42.846915
block name: PostFlip ms: 39.034171
block name: PreUpdate ms: 37.134329
block name: ClearFb ms: 32.196017
block name: SetInputState ms: 31.711003
block name: CallLuaUpdate ms: 32.121041
block name: CallLuaDraw ms: 50.308033
block name: GetFb ms: 35.075614
block name: GraphicsFlip ms: 33.058904
block name: gfxFlushBuffers ms: 32.419372
block name: gfxSwapBuffers ms: 32.435858
block name: gspWaitForVBlank ms: 45.641518
block name: PostFlip ms: 41.765822
block name: PreUpdate ms: 36.241441
block name: ClearFb ms: 33.156818
block name: SetInputState ms: 32.662897
block name: CallLuaUpdate ms: 32.384454
block name: CallLuaDraw ms: 51.033469
block name: GetFb ms: 40.442553
block name: GraphicsFlip ms: 33.310754
block name: gfxFlushBuffers ms: 34.946168
block name: gfxSwapBuffers ms: 32.299004
block name: gspWaitForVBlank ms: 32.881120
block name: PostFlip ms: 31.789598
block name: PreUpdate ms: 36.832970
block name: ClearFb ms: 32.791008
block name: SetInputState ms: 32.556867
block name: CallLuaUpdate ms: 32.998123
block name: CallLuaDraw ms: 51.153903
block name: GetFb ms: 41.963941
block name: GraphicsFlip ms: 33.326225
block name: gfxFlushBuffers ms: 31.967344
block name: gfxSwapBuffers ms: 31.982897
block name: gspWaitForVBlank ms: 43.782808
block name: PostFlip ms: 38.217639
block name: PreUpdate ms: 36.769109
block name: ClearFb ms: 32.856287
block name: SetInputState ms: 31.568182
block name: CallLuaUpdate ms: 32.457304
block name: CallLuaDraw ms: 51.756503
block name: GetFb ms: 31.681575
block name: GraphicsFlip ms: 33.045872
block name: gfxFlushBuffers ms: 32.239350
block name: gfxSwapBuffers ms: 31.598744
block name: gspWaitForVBlank ms: 32.203693
block name: PostFlip ms: 32.078000
block name: PreUpdate ms: 47.609062
block name: ClearFb ms: 35.704896
block name: SetInputState ms: 32.794104
block name: CallLuaUpdate ms: 32.489335
block name: CallLuaDraw ms: 50.996044
block name: GetFb ms: 38.174261
block name: GraphicsFlip ms: 33.423781
block name: gfxFlushBuffers ms: 32.262788
block name: gfxSwapBuffers ms: 32.561790
block name: gspWaitForVBlank ms: 33.027089
block name: PostFlip ms: 31.913247
block name: PreUpdate ms: 36.495783
block name: ClearFb ms: 33.091882
block name: SetInputState ms: 32.026335
block name: CallLuaUpdate ms: 35.423879
block name: CallLuaDraw ms: 51.267431
block name: GetFb ms: 31.560357
block name: GraphicsFlip ms: 33.323942
block name: gfxFlushBuffers ms: 42.398505
block name: gfxSwapBuffers ms: 32.033026
block name: gspWaitForVBlank ms: 41.602614
block name: PostFlip ms: 40.699297
block name: PreUpdate ms: 37.260821
block name: ClearFb ms: 32.335168
block name: SetInputState ms: 31.950545
block name: CallLuaUpdate ms: 32.637087
block name: CallLuaDraw ms: 51.849292
block name: GetFb ms: 32.050877
block name: GraphicsFlip ms: 36.377429
block name: gfxFlushBuffers ms: 34.218711
block name: gfxSwapBuffers ms: 32.387236
block name: gspWaitForVBlank ms: 39.352590
block name: PostFlip ms: 32.678339
block name: PreUpdate ms: 37.464930
block name: ClearFb ms: 32.480570
block name: SetInputState ms: 42.253044
block name: CallLuaUpdate ms: 32.909294
block name: CallLuaDraw ms: 52.857834
block name: GetFb ms: 39.650361
block name: GraphicsFlip ms: 33.354146
block name: gfxFlushBuffers ms: 32.098454
block name: gfxSwapBuffers ms: 32.093486
block name: gspWaitForVBlank ms: 33.286913
block name: PostFlip ms: 34.156065
block name: PreUpdate ms: 36.401688
block name: ClearFb ms: 32.549318
block name: SetInputState ms: 33.160801
block name: CallLuaUpdate ms: 32.640175
block name: CallLuaDraw ms: 51.949131
block name: GetFb ms: 31.920782
block name: GraphicsFlip ms: 33.272732
block name: gfxFlushBuffers ms: 32.151529
block name: gfxSwapBuffers ms: 41.925807
block name: gspWaitForVBlank ms: 41.046145
block name: PostFlip ms: 34.774150
block name: PreUpdate ms: 44.664284
block name: ClearFb ms: 32.603802
block name: SetInputState ms: 32.190952
block name: CallLuaUpdate ms: 32.430009
block name: CallLuaDraw ms: 52.323147
block name: GetFb ms: 32.335653
block name: GraphicsFlip ms: 33.558658
block name: gfxFlushBuffers ms: 32.214659
block name: gfxSwapBuffers ms: 32.300727
block name: gspWaitForVBlank ms: 41.677113
block name: PostFlip ms: 31.567123
block name: PreUpdate ms: 36.653291
block name: ClearFb ms: 32.546625
block name: SetInputState ms: 35.882598
block name: CallLuaUpdate ms: 43.495764
block name: CallLuaDraw ms: 52.803484
block name: GetFb ms: 41.274758
block name: GraphicsFlip ms: 33.135439
block name: gfxFlushBuffers ms: 31.894434
block name: gfxSwapBuffers ms: 31.664791
block name: gspWaitForVBlank ms: 46.961504
block name: PostFlip ms: 31.435783
block name: PreUpdate ms: 36.780962
block name: ClearFb ms: 32.244080
block name: SetInputState ms: 31.867446
block name: CallLuaUpdate ms: 32.417179
block name: CallLuaDraw ms: 54.888240
block name: GetFb ms: 31.824396
block name: GraphicsFlip ms: 33.672260
block name: gfxFlushBuffers ms: 32.944548
block name: gfxSwapBuffers ms: 32.183635
block name: gspWaitForVBlank ms: 50.846726
block name: PostFlip ms: 31.787009
block name: PreUpdate ms: 44.196337
block name: ClearFb ms: 32.698129
block name: SetInputState ms: 32.028490
block name: CallLuaUpdate ms: 32.257947
block name: CallLuaDraw ms: 51.561226
block name: GetFb ms: 32.028535
block name: GraphicsFlip ms: 32.797371
block name: gfxFlushBuffers ms: 35.223030
block name: gfxSwapBuffers ms: 32.624846
block name: gspWaitForVBlank ms: 43.916297
block name: PostFlip ms: 31.535032
block name: PreUpdate ms: 37.200332
block name: ClearFb ms: 32.660876
block name: SetInputState ms: 32.047781
block name: CallLuaUpdate ms: 32.225445
block name: CallLuaDraw ms: 62.619603
block name: GetFb ms: 40.039938
block name: GraphicsFlip ms: 33.123466
block name: gfxFlushBuffers ms: 32.543216
block name: gfxSwapBuffers ms: 31.680949
block name: gspWaitForVBlank ms: 35.476887
block name: PostFlip ms: 31.956990
block name: PreUpdate ms: 36.157073
block name: ClearFb ms: 32.571189
block name: SetInputState ms: 32.693459
block name: CallLuaUpdate ms: 34.661973
block name: CallLuaDraw ms: 52.086708
block name: GetFb ms: 32.335511
block name: GraphicsFlip ms: 33.186134
block name: gfxFlushBuffers ms: 32.589502
block name: gfxSwapBuffers ms: 31.917850
block name: gspWaitForVBlank ms: 34.271800
block name: PostFlip ms: 42.208644
block name: PreUpdate ms: 47.033444
block name: ClearFb ms: 32.517122
block name: SetInputState ms: 31.899007
block name: CallLuaUpdate ms: 33.679548
block name: CallLuaDraw ms: 52.767872
block name: GetFb ms: 31.633118
block name: GraphicsFlip ms: 33.050071
block name: gfxFlushBuffers ms: 32.142555
block name: gfxSwapBuffers ms: 31.941952
block name: gspWaitForVBlank ms: 32.259692
block name: PostFlip ms: 31.867043
block name: PreUpdate ms: 36.920807
block name: ClearFb ms: 32.517122
block name: SetInputState ms: 31.707304
block name: CallLuaUpdate ms: 35.877339
block name: CallLuaDraw ms: 62.637178
block name: GetFb ms: 31.902707
block name: GraphicsFlip ms: 40.959136
block name: gfxFlushBuffers ms: 32.195189
block name: gfxSwapBuffers ms: 31.900111
block name: gspWaitForVBlank ms: 32.609927
block name: PostFlip ms: 32.065997
block name: PreUpdate ms: 37.310264
block name: ClearFb ms: 32.261871
block name: SetInputState ms: 31.950120
block name: CallLuaUpdate ms: 32.132581
block name: CallLuaDraw ms: 53.057736
block name: GetFb ms: 35.098769
block name: GraphicsFlip ms: 33.473790
block name: gfxFlushBuffers ms: 32.318504
block name: gfxSwapBuffers ms: 31.970701
block name: gspWaitForVBlank ms: 32.769398
block name: PostFlip ms: 41.880684
block name: PreUpdate ms: 44.235940
block name: ClearFb ms: 32.654826
block name: SetInputState ms: 31.947599
block name: CallLuaUpdate ms: 33.377591
block name: CallLuaDraw ms: 52.387471
block name: GetFb ms: 31.721641
block name: GraphicsFlip ms: 33.154625
block name: gfxFlushBuffers ms: 32.320182
block name: gfxSwapBuffers ms: 35.067655
block name: gspWaitForVBlank ms: 32.378911
block name: PostFlip ms: 31.703984
block name: PreUpdate ms: 36.730811
block name: ClearFb ms: 33.176884
block name: SetInputState ms: 33.483323
block name: CallLuaUpdate ms: 32.259275
block name: CallLuaDraw ms: 53.201526
block name: GetFb ms: 41.689727
block name: GraphicsFlip ms: 40.744069
block name: gfxFlushBuffers ms: 31.955819
block name: gfxSwapBuffers ms: 32.099036
block name: gspWaitForVBlank ms: 34.080820
block name: PostFlip ms: 35.588296
block name: PreUpdate ms: 36.898920
block name: ClearFb ms: 32.667186
block name: SetInputState ms: 31.446114
block name: CallLuaUpdate ms: 32.175809
block name: CallLuaDraw ms: 53.843982
block name: GetFb ms: 32.144144
block name: GraphicsFlip ms: 32.964130
block name: gfxFlushBuffers ms: 32.237560
block name: gfxSwapBuffers ms: 32.118192
block name: gspWaitForVBlank ms: 49.044978
block name: PostFlip ms: 31.933985
block name: PreUpdate ms: 51.723278
block name: ClearFb ms: 146.234533
block name: SetInputState ms: 155.788955
block name: CallLuaUpdate ms: 127.951761
block name: CallLuaDraw ms: 151.198006
block name: GetFb ms: 136.008980
block name: GraphicsFlip ms: 32.794947
block name: gfxFlushBuffers ms: 32.453171
block name: gfxSwapBuffers ms: 31.878269
block name: gspWaitForVBlank ms: 38.008793
block name: PostFlip ms: 31.644464
block name: PreUpdate ms: 36.372252
block name: ClearFb ms: 32.644039
block name: SetInputState ms: 31.645963
block name: CallLuaUpdate ms: 32.373205
block name: CallLuaDraw ms: 56.222713
block name: GetFb ms: 31.622078
block name: GraphicsFlip ms: 44.579565
block name: gfxFlushBuffers ms: 32.117677
block name: gfxSwapBuffers ms: 31.853362
block name: gspWaitForVBlank ms: 40.059340
block name: PostFlip ms: 33.057844
block name: PreUpdate ms: 37.411206
block name: ClearFb ms: 32.844523
block name: SetInputState ms: 31.741080
block name: CallLuaUpdate ms: 32.596045
block name: CallLuaDraw ms: 53.202548
block name: GetFb ms: 33.895055
block name: GraphicsFlip ms: 36.050580
block name: gfxFlushBuffers ms: 31.894322
block name: gfxSwapBuffers ms: 33.819139
block name: gspWaitForVBlank ms: 44.624718
block name: PostFlip ms: 31.969478
block name: PreUpdate ms: 37.228111
block name: ClearFb ms: 38.641089
block name: SetInputState ms: 42.798876
block name: CallLuaUpdate ms: 32.535137
block name: CallLuaDraw ms: 52.947416
block name: GetFb ms: 31.702738
block name: GraphicsFlip ms: 33.077224
block name: gfxFlushBuffers ms: 32.417723
block name: gfxSwapBuffers ms: 32.044327
block name: gspWaitForVBlank ms: 35.789547
block name: PostFlip ms: 31.430337
block name: PreUpdate ms: 36.729595
block name: ClearFb ms: 32.487426
block name: SetInputState ms: 31.834997
block name: CallLuaUpdate ms: 32.815684
block name: CallLuaDraw ms: 54.346757
block name: GetFb ms: 31.964211
block name: GraphicsFlip ms: 33.458878
block name: gfxFlushBuffers ms: 44.293774
block name: gfxSwapBuffers ms: 31.695047
block name: gspWaitForVBlank ms: 40.063510
block name: PostFlip ms: 31.538546
block name: PreUpdate ms: 39.794212
block name: ClearFb ms: 32.831051
block name: SetInputState ms: 32.323091
block name: CallLuaUpdate ms: 33.058247
block name: CallLuaDraw ms: 53.980768
block name: GetFb ms: 31.764988
block name: GraphicsFlip ms: 32.954007
block name: gfxFlushBuffers ms: 31.969067
block name: gfxSwapBuffers ms: 31.520322
block name: gspWaitForVBlank ms: 32.644271
block name: PostFlip ms: 32.501651
block name: PreUpdate ms: 37.033222
block name: ClearFb ms: 32.255463
block name: SetInputState ms: 49.081738
block name: CallLuaUpdate ms: 35.319095
block name: CallLuaDraw ms: 54.343900
block name: GetFb ms: 32.169805
block name: GraphicsFlip ms: 33.158041
block name: gfxFlushBuffers ms: 32.135200
block name: gfxSwapBuffers ms: 32.002471
block name: gspWaitForVBlank ms: 47.891743
block name: PostFlip ms: 32.030982
block name: PreUpdate ms: 36.451711
block name: ClearFb ms: 32.582625
block name: SetInputState ms: 31.585392
block name: CallLuaUpdate ms: 32.832312
block name: CallLuaDraw ms: 52.837014
block name: GetFb ms: 34.650448
block name: GraphicsFlip ms: 33.018779
block name: gfxFlushBuffers ms: 31.985344
block name: gfxSwapBuffers ms: 43.656324
block name: gspWaitForVBlank ms: 39.458755
block name: PostFlip ms: 32.816147
block name: PreUpdate ms: 36.867105
block name: ClearFb ms: 33.184344
block name: SetInputState ms: 32.305979
block name: CallLuaUpdate ms: 32.931405
block name: CallLuaDraw ms: 54.163647
block name: GetFb ms: 31.478712
block name: GraphicsFlip ms: 32.899589
block name: gfxFlushBuffers ms: 34.977222
block name: gfxSwapBuffers ms: 31.944697
block name: gspWaitForVBlank ms: 47.606145
block name: PostFlip ms: 31.846723
block name: PreUpdate ms: 36.595495
block name: ClearFb ms: 33.007985
block name: SetInputState ms: 32.022858
block name: CallLuaUpdate ms: 49.845300
block name: CallLuaDraw ms: 54.065793
block name: GetFb ms: 31.892219
block name: GraphicsFlip ms: 33.618409
block name: gfxFlushBuffers ms: 33.249563
block name: gfxSwapBuffers ms: 31.973939
block name: gspWaitForVBlank ms: 32.994610
block name: PostFlip ms: 34.588594
block name: PreUpdate ms: 36.626258
block name: ClearFb ms: 32.580014
block name: SetInputState ms: 31.820085
block name: CallLuaUpdate ms: 32.478810
block name: CallLuaDraw ms: 53.845183
block name: GetFb ms: 31.597745
block name: GraphicsFlip ms: 32.950277
block name: gfxFlushBuffers ms: 31.998018
block name: gfxSwapBuffers ms: 37.445931
block name: gspWaitForVBlank ms: 45.199180
block name: PostFlip ms: 31.878732
block name: PreUpdate ms: 37.417338
block name: ClearFb ms: 32.493184
block name: SetInputState ms: 31.620802
block name: CallLuaUpdate ms: 32.356749
block name: CallLuaDraw ms: 54.513986
block name: GetFb ms: 32.770278
block name: GraphicsFlip ms: 33.758992
block name: gfxFlushBuffers ms: 31.926973
block name: gfxSwapBuffers ms: 32.423281
block name: gspWaitForVBlank ms: 33.211705
block name: PostFlip ms: 32.093247
block name: PreUpdate ms: 36.843257
block name: ClearFb ms: 32.418492
block name: SetInputState ms: 32.636326
block name: CallLuaUpdate ms: 43.490542
block name: CallLuaDraw ms: 63.669926
block name: GetFb ms: 32.057381
block name: GraphicsFlip ms: 32.957252
block name: gfxFlushBuffers ms: 32.411487
block name: gfxSwapBuffers ms: 31.649566
block name: gspWaitForVBlank ms: 47.660280
block name: PostFlip ms: 31.723215
block name: PreUpdate ms: 36.580702
block name: ClearFb ms: 32.418910
block name: SetInputState ms: 31.668864
block name: CallLuaUpdate ms: 33.024582
block name: CallLuaDraw ms: 54.459636
block name: GetFb ms: 31.659667
block name: GraphicsFlip ms: 33.175474
block name: gfxFlushBuffers ms: 32.048437
block name: gfxSwapBuffers ms: 31.942168
block name: gspWaitForVBlank ms: 52.392342
block name: PostFlip ms: 38.394244
block name: PreUpdate ms: 37.016147
block name: ClearFb ms: 32.724110
block name: SetInputState ms: 32.489388
block name: CallLuaUpdate ms: 33.294119
block name: CallLuaDraw ms: 57.493355
block name: GetFb ms: 33.270785
block name: GraphicsFlip ms: 33.184791
block name: gfxFlushBuffers ms: 32.715666
block name: gfxSwapBuffers ms: 34.733205
block name: gspWaitForVBlank ms: 35.804675
block name: PostFlip ms: 32.420692
block name: PreUpdate ms: 37.162586
block name: ClearFb ms: 32.762550
block name: SetInputState ms: 31.877800
block name: CallLuaUpdate ms: 32.365342
block name: CallLuaDraw ms: 65.112533
block name: GetFb ms: 38.294495
block name: GraphicsFlip ms: 33.753188
block name: gfxFlushBuffers ms: 32.332975
block name: gfxSwapBuffers ms: 32.053756
block name: gspWaitForVBlank ms: 32.991268
block name: PostFlip ms: 33.037069
block name: PreUpdate ms: 39.348458
block name: ClearFb ms: 32.879359
block name: SetInputState ms: 32.256977
block name: CallLuaUpdate ms: 32.891451
block name: CallLuaDraw ms: 55.448589
block name: GetFb ms: 32.377233
block name: GraphicsFlip ms: 33.152588
block name: gfxFlushBuffers ms: 32.222342
block name: gfxSwapBuffers ms: 33.412443
block name: gspWaitForVBlank ms: 44.087427
block name: PostFlip ms: 31.590986
block name: PreUpdate ms: 43.264234
block name: ClearFb ms: 32.282742
block name: SetInputState ms: 35.197906
block name: CallLuaUpdate ms: 33.270994
block name: CallLuaDraw ms: 55.385018
block name: GetFb ms: 31.904102
block name: GraphicsFlip ms: 33.212906
block name: gfxFlushBuffers ms: 31.855764
block name: gfxSwapBuffers ms: 32.002315
block name: gspWaitForVBlank ms: 41.171033
block name: PostFlip ms: 31.925086
block name: PreUpdate ms: 36.619365
block name: ClearFb ms: 32.588160
block name: SetInputState ms: 32.045521
block name: CallLuaUpdate ms: 35.693505
block name: CallLuaDraw ms: 54.859991
block name: GetFb ms: 45.803920
block name: GraphicsFlip ms: 39.016701
block name: gfxFlushBuffers ms: 32.146575
block name: gfxSwapBuffers ms: 31.936574
block name: gspWaitForVBlank ms: 45.235165
block name: PostFlip ms: 32.720336
Turning off console and exiting logger
